0 info it worked if it ends with ok
1 verbose cli [ 'D:\\Work\\nodejs\\\\node.exe',
1 verbose cli   'D:\\Work\\nodejs\\node_modules\\npm\\bin\\npm-cli.js',
1 verbose cli   'install',
1 verbose cli   'jquery-pjax',
1 verbose cli   '--save-dev' ]
2 info using npm@1.4.28
3 info using node@v0.10.33
4 verbose node symlink D:\Work\nodejs\\node.exe
5 verbose readDependencies using package.json deps
6 verbose cache add [ 'jquery-pjax', null ]
7 verbose cache add name=undefined spec="jquery-pjax" args=["jquery-pjax",null]
8 verbose parsed url { protocol: null,
8 verbose parsed url   slashes: null,
8 verbose parsed url   auth: null,
8 verbose parsed url   host: null,
8 verbose parsed url   port: null,
8 verbose parsed url   hostname: null,
8 verbose parsed url   hash: null,
8 verbose parsed url   search: null,
8 verbose parsed url   query: null,
8 verbose parsed url   pathname: 'jquery-pjax',
8 verbose parsed url   path: 'jquery-pjax',
8 verbose parsed url   href: 'jquery-pjax' }
9 silly lockFile c870d60b-jquery-pjax jquery-pjax
10 verbose lock jquery-pjax C:\Users\Mr\AppData\Roaming\npm-cache\c870d60b-jquery-pjax.lock
11 silly lockFile c870d60b-jquery-pjax jquery-pjax
12 silly lockFile c870d60b-jquery-pjax jquery-pjax
13 verbose addNamed [ 'jquery-pjax', '' ]
14 verbose addNamed [ null, '*' ]
15 silly lockFile 5f324779-jquery-pjax jquery-pjax@
16 verbose lock jquery-pjax@ C:\Users\Mr\AppData\Roaming\npm-cache\5f324779-jquery-pjax.lock
17 silly addNameRange { name: 'jquery-pjax', range: '*', hasData: false }
18 verbose request where is /jquery-pjax
19 verbose request registry https://registry.npm.taobao.org/
20 verbose request id 4c1d3a122afd10d5
21 verbose url raw /jquery-pjax
22 verbose url resolving [ 'https://registry.npm.taobao.org/', './jquery-pjax' ]
23 verbose url resolved https://registry.npm.taobao.org/jquery-pjax
24 verbose request where is https://registry.npm.taobao.org/jquery-pjax
25 info trying registry request attempt 1 at 13:49:54
26 http GET https://registry.npm.taobao.org/jquery-pjax
27 http 404 https://registry.npm.taobao.org/jquery-pjax
28 silly registry.get cb [ 404,
28 silly registry.get   { 'content-type': 'application/json',
28 silly registry.get     'cache-control': 'max-age=0',
28 silly registry.get     'content-length': '2',
28 silly registry.get     'accept-ranges': 'bytes',
28 silly registry.get     date: 'Fri, 28 Aug 2015 05:48:35 GMT',
28 silly registry.get     via: '1.1 varnish',
28 silly registry.get     age: '0',
28 silly registry.get     connection: 'keep-alive',
28 silly registry.get     'x-served-by': 'cache-nrt6132-NRT',
28 silly registry.get     'x-cache': 'MISS',
28 silly registry.get     'x-cache-hits': '0',
28 silly registry.get     'x-timer': 'S1440740915.723228,VS0,VE188' } ]
29 silly lockFile 5f324779-jquery-pjax jquery-pjax@
30 silly lockFile 5f324779-jquery-pjax jquery-pjax@
31 error 404 Not Found
31 error 404
31 error 404 'jquery-pjax' is not in the npm registry.
31 error 404 You should bug the author to publish it
31 error 404 It was specified as a dependency of 'demo'
31 error 404
31 error 404 Note that you can also install from a
31 error 404 tarball, folder, or http url, or git url.
32 error System Windows_NT 6.2.9200
33 error command "D:\\Work\\nodejs\\\\node.exe" "D:\\Work\\nodejs\\node_modules\\npm\\bin\\npm-cli.js" "install" "jquery-pjax" "--save-dev"
34 error cwd E:\Work\jquery-pjax\demo
35 error node -v v0.10.33
36 error npm -v 1.4.28
37 error code E404
38 verbose exit [ 1, true ]
